Using pre-set license
Built from '2020.2/release' branch; Version is '2020.2.0f1 (3721df5a8b28) revision 3613151'; Using compiler version '192528614'; Build Type 'Release'
OS: 'Windows 10  (10.0.0) 64bit' Language: 'en' Physical Memory: 16338 MB
BatchMode: 1, IsHumanControllingUs: 0, StartBugReporterOnCrash: 0, Is64bit: 1, IsPro: 0

 COMMAND LINE ARGUMENTS:
D:\1Julian\Unity\2020.2.0f1\Editor\Unity.exe
-adb2
-batchMode
-noUpm
-name
AssetImportWorker0
-projectPath
D:/1Julian/dev/Physics/JulianEscobar_Game3002_A1/ArcherGame
-logFile
Logs/AssetImportWorker0.log
-srvPort
55447
Successfully changed project path to: D:/1Julian/dev/Physics/JulianEscobar_Game3002_A1/ArcherGame
D:/1Julian/dev/Physics/JulianEscobar_Game3002_A1/ArcherGame
Using Asset Import Pipeline V2.
Refreshing native plugins compatible for Editor in 32.22 ms, found 0 plugins.
Preloading 0 native plugins for Editor in 0.00 ms.
Initialize engine version: 2020.2.0f1 (3721df5a8b28)
[Subsystems] Discovering subsystems at path D:/1Julian/Unity/2020.2.0f1/Editor/Data/Resources/UnitySubsystems
[Subsystems] Discovering subsystems at path D:/1Julian/dev/Physics/JulianEscobar_Game3002_A1/ArcherGame/Assets
GfxDevice: creating device client; threaded=0
Direct3D:
    Version:  Direct3D 11.0 [level 11.1]
    Renderer: Radeon RX 570 Series (ID=0x67df)
    Vendor:   
    VRAM:     4075 MB
    Driver:   27.20.14533.1000
Initialize mono
Mono path[0] = 'D:/1Julian/Unity/2020.2.0f1/Editor/Data/Managed'
Mono path[1] = 'D:/1Julian/Unity/2020.2.0f1/Editor/Data/MonoBleedingEdge/lib/mono/unityjit'
Mono config path = 'D:/1Julian/Unity/2020.2.0f1/Editor/Data/MonoBleedingEdge/etc'
Using monoOptions --debugger-agent=transport=dt_socket,embedding=1,server=y,suspend=n,address=127.0.0.1:56412
Begin MonoManager ReloadAssembly
Registering precompiled unity dll's ...
Register platform support module: D:/1Julian/Unity/2020.2.0f1/Editor/Data/PlaybackEngines/WindowsStandaloneSupport/UnityEditor.WindowsStandalone.Extensions.dll
Registered in 0.003553 seconds.
Native extension for WindowsStandalone target not found
Refreshing native plugins compatible for Editor in 29.21 ms, found 0 plugins.
Preloading 0 native plugins for Editor in 0.00 ms.
Invoked RoslynAnalysisRunner static constructor.
RoslynAnalysisRunner will not be running.
RoslynAnalysisRunner has terminated.
Mono: successfully reloaded assembly
- Completed reload, in  2.537 seconds
Platform modules already initialized, skipping
Registering precompiled user dll's ...
Registered in 0.001387 seconds.
Begin MonoManager ReloadAssembly
Native extension for WindowsStandalone target not found
Refreshing native plugins compatible for Editor in 0.26 ms, found 0 plugins.
Preloading 0 native plugins for Editor in 0.00 ms.
Invoked RoslynAnalysisRunner static constructor.
RoslynAnalysisRunner will not be running.
RoslynAnalysisRunner has terminated.
Mono: successfully reloaded assembly
- Completed reload, in  1.282 seconds
Platform modules already initialized, skipping
========================================================================
Worker process is ready to serve import requests
Launched and connected shader compiler UnityShaderCompiler.exe after 0.06 seconds
Refreshing native plugins compatible for Editor in 0.29 ms, found 0 plugins.
Preloading 0 native plugins for Editor in 0.00 ms.
Unloading 1115 Unused Serialized files (Serialized files now loaded: 0)
System memory in use before: 58.8 MB.
System memory in use after: 58.8 MB.

Unloading 10 unused Assets to reduce memory usage. Loaded Objects now: 1557.
Total: 2.103600 ms (FindLiveObjects: 0.146000 ms CreateObjectMapping: 0.052100 ms MarkObjects: 1.810400 ms  DeleteObjects: 0.093800 ms)

========================================================================
Received Import Request.
  path: Assets/Materials/Yellow.mat
  artifactKey: Guid(9127b0f8bb067274a9867d3bda8347ef) Importer(815301076,1909f56bfc062723c751e8b465ee728b)
Start importing Assets/Materials/Yellow.mat using Guid(9127b0f8bb067274a9867d3bda8347ef) Importer(815301076,1909f56bfc062723c751e8b465ee728b)  -> (artifact id: 'fac5d0281a307aebbb1569b475b31b56') in 0.149868 seconds
  Import took 0.152522 seconds .

========================================================================
Received Import Request.
  Time since last request: 0.000378 seconds.
  path: Assets/Materials/Purple.mat
  artifactKey: Guid(85bea4a7d3edde643ad0cdce200ee463) Importer(815301076,1909f56bfc062723c751e8b465ee728b)
Start importing Assets/Materials/Purple.mat using Guid(85bea4a7d3edde643ad0cdce200ee463) Importer(815301076,1909f56bfc062723c751e8b465ee728b)  -> (artifact id: 'e06a3ebfee95cacea021af89ea4799e0') in 0.016197 seconds
  Import took 0.018449 seconds .

AssetImportWorkerClient::OnTransportError - code=2 error=End of file
